\BOOKMARK [0][-]{chapter.1}{\376\377\000\315\000n\000d\000i\000c\000e\000\040\000d\000e\000\040\000c\000l\000a\000s\000e\000s}{}
\BOOKMARK [1][-]{section.1.1}{\376\377\000J\000e\000r\000a\000r\000q\000u\000\355\000a\000\040\000d\000e\000\040\000l\000a\000\040\000c\000l\000a\000s\000e}{chapter.1}
\BOOKMARK [0][-]{chapter.2}{\376\377\000\315\000n\000d\000i\000c\000e\000\040\000d\000e\000\040\000c\000l\000a\000s\000e\000s}{}
\BOOKMARK [1][-]{section.2.1}{\376\377\000L\000i\000s\000t\000a\000\040\000d\000e\000\040\000c\000l\000a\000s\000e\000s}{chapter.2}
\BOOKMARK [0][-]{chapter.3}{\376\377\000D\000o\000c\000u\000m\000e\000n\000t\000a\000c\000i\000\363\000n\000\040\000d\000e\000\040\000l\000a\000s\000\040\000c\000l\000a\000s\000e\000s}{}
\BOOKMARK [1][-]{section.3.1}{\376\377\000R\000e\000f\000e\000r\000e\000n\000c\000i\000a\000\040\000d\000e\000\040\000l\000a\000\040\000C\000l\000a\000s\000e\000\040\000A\000n\000i\000o}{chapter.3}
\BOOKMARK [1][-]{section.3.2}{\376\377\000R\000e\000f\000e\000r\000e\000n\000c\000i\000a\000\040\000d\000e\000\040\000l\000a\000\040\000C\000l\000a\000s\000e\000\040\000A\000r\000b\000o\000l\000B\000M\000a\000s}{chapter.3}
\BOOKMARK [1][-]{section.3.3}{\376\377\000R\000e\000f\000e\000r\000e\000n\000c\000i\000a\000\040\000d\000e\000\040\000l\000a\000\040\000C\000l\000a\000s\000e\000\040\000A\000r\000c\000h\000i\000v\000o\000L\000i\000s\000t\000a\000s}{chapter.3}
\BOOKMARK [2][-]{subsection.3.3.1}{\376\377\000D\000o\000c\000u\000m\000e\000n\000t\000a\000c\000i\000\363\000n\000\040\000d\000e\000l\000\040\000c\000o\000n\000s\000t\000r\000u\000c\000t\000o\000r\000\040\000y\000\040\000d\000e\000s\000t\000r\000u\000c\000t\000o\000r}{section.3.3}
\BOOKMARK [3][-]{subsubsection.3.3.1.1}{\376\377\000A\000r\000c\000h\000i\000v\000o\000L\000i\000s\000t\000a\000s}{subsection.3.3.1}
\BOOKMARK [1][-]{section.3.4}{\376\377\000R\000e\000f\000e\000r\000e\000n\000c\000i\000a\000\040\000d\000e\000\040\000l\000a\000\040\000C\000l\000a\000s\000e\000\040\000A\000r\000c\000h\000i\000v\000o\000R\000e\000g\000i\000s\000t\000r\000o\000s\000L\000o\000n\000g\000i\000t\000u\000d\000F\000i\000j\000a}{chapter.3}
\BOOKMARK [1][-]{section.3.5}{\376\377\000R\000e\000f\000e\000r\000e\000n\000c\000i\000a\000\040\000d\000e\000\040\000l\000a\000\040\000C\000l\000a\000s\000e\000\040\000B\000l\000o\000q\000u\000e}{chapter.3}
\BOOKMARK [1][-]{section.3.6}{\376\377\000R\000e\000f\000e\000r\000e\000n\000c\000i\000a\000\040\000d\000e\000\040\000l\000a\000\040\000C\000l\000a\000s\000e\000\040\000C\000l\000a\000v\000e}{chapter.3}
\BOOKMARK [1][-]{section.3.7}{\376\377\000R\000e\000f\000e\000r\000e\000n\000c\000i\000a\000\040\000d\000e\000\040\000l\000a\000\040\000C\000l\000a\000s\000e\000\040\000C\000l\000a\000v\000e\000N\000u\000m\000e\000r\000i\000c\000a}{chapter.3}
\BOOKMARK [1][-]{section.3.8}{\376\377\000R\000e\000f\000e\000r\000e\000n\000c\000i\000a\000\040\000d\000e\000\040\000l\000a\000\040\000C\000l\000a\000s\000e\000\040\000C\000l\000a\000v\000e\000S\000t\000r\000i\000n\000g}{chapter.3}
\BOOKMARK [1][-]{section.3.9}{\376\377\000R\000e\000f\000e\000r\000e\000n\000c\000i\000a\000\040\000d\000e\000\040\000l\000a\000\040\000C\000l\000a\000s\000e\000\040\000C\000l\000a\000v\000e\000X}{chapter.3}
\BOOKMARK [1][-]{section.3.10}{\376\377\000R\000e\000f\000e\000r\000e\000n\000c\000i\000a\000\040\000d\000e\000\040\000l\000a\000\040\000C\000l\000a\000s\000e\000\040\000C\000o\000m\000p\000r\000e\000s\000o\000r}{chapter.3}
\BOOKMARK [1][-]{section.3.11}{\376\377\000R\000e\000f\000e\000r\000e\000n\000c\000i\000a\000\040\000d\000e\000\040\000l\000a\000\040\000C\000l\000a\000s\000e\000\040\000C\000o\000m\000p\000r\000e\000s\000o\000r\000P\000P\000M\000C}{chapter.3}
\BOOKMARK [1][-]{section.3.12}{\376\377\000R\000e\000f\000e\000r\000e\000n\000c\000i\000a\000\040\000d\000e\000\040\000l\000a\000\040\000C\000l\000a\000s\000e\000\040\000H\000a\000s\000h\000i\000n\000g\000E\000x\000t\000e\000n\000s\000i\000b\000l\000e}{chapter.3}
\BOOKMARK [1][-]{section.3.13}{\376\377\000R\000e\000f\000e\000r\000e\000n\000c\000i\000a\000\040\000d\000e\000\040\000l\000a\000\040\000E\000s\000t\000r\000u\000c\000t\000u\000r\000a\000\040\000M\000a\000n\000e\000j\000a\000d\000o\000r\000R\000e\000g\000i\000s\000t\000r\000o\000s\000V\000a\000r\000i\000a\000b\000l\000e\000s\000:\000:\000H\000e\000a\000d\000e\000r}{chapter.3}
\BOOKMARK [1][-]{section.3.14}{\376\377\000R\000e\000f\000e\000r\000e\000n\000c\000i\000a\000\040\000d\000e\000\040\000l\000a\000\040\000E\000s\000t\000r\000u\000c\000t\000u\000r\000a\000\040\000h\000e\000a\000d\000e\000r\000\137\000a\000r\000b\000o\000l}{chapter.3}
\BOOKMARK [1][-]{section.3.15}{\376\377\000R\000e\000f\000e\000r\000e\000n\000c\000i\000a\000\040\000d\000e\000\040\000l\000a\000\040\000E\000s\000t\000r\000u\000c\000t\000u\000r\000a\000\040\000h\000e\000a\000d\000e\000r\000\137\000a\000r\000l\000f}{chapter.3}
\BOOKMARK [1][-]{section.3.16}{\376\377\000R\000e\000f\000e\000r\000e\000n\000c\000i\000a\000\040\000d\000e\000\040\000l\000a\000\040\000E\000s\000t\000r\000u\000c\000t\000u\000r\000a\000\040\000M\000a\000n\000e\000j\000a\000d\000o\000r\000R\000e\000g\000i\000s\000t\000r\000o\000s\000V\000a\000r\000i\000a\000b\000l\000e\000s\000:\000:\000H\000e\000a\000d\000e\000r\000R\000e\000g\000i\000s\000t\000r\000o\000L\000i\000b\000r\000e}{chapter.3}
\BOOKMARK [1][-]{section.3.17}{\376\377\000R\000e\000f\000e\000r\000e\000n\000c\000i\000a\000\040\000d\000e\000\040\000l\000a\000\040\000C\000l\000a\000s\000e\000\040\000H\000e\000a\000p}{chapter.3}
\BOOKMARK [1][-]{section.3.18}{\376\377\000R\000e\000f\000e\000r\000e\000n\000c\000i\000a\000\040\000d\000e\000\040\000l\000a\000\040\000C\000l\000a\000s\000e\000\040\000I\000d\000i\000o\000m\000a}{chapter.3}
\BOOKMARK [1][-]{section.3.19}{\376\377\000R\000e\000f\000e\000r\000e\000n\000c\000i\000a\000\040\000d\000e\000\040\000l\000a\000\040\000C\000l\000a\000s\000e\000\040\000I\000n\000d\000e\000x\000a\000d\000o\000r}{chapter.3}
\BOOKMARK [2][-]{subsection.3.19.1}{\376\377\000D\000o\000c\000u\000m\000e\000n\000t\000a\000c\000i\000\363\000n\000\040\000d\000e\000\040\000l\000a\000s\000\040\000f\000u\000n\000c\000i\000o\000n\000e\000s\000\040\000m\000i\000e\000m\000b\000r\000o}{section.3.19}
\BOOKMARK [3][-]{subsubsection.3.19.1.1}{\376\377\000i\000n\000d\000e\000x\000a\000r}{subsection.3.19.1}
\BOOKMARK [1][-]{section.3.20}{\376\377\000R\000e\000f\000e\000r\000e\000n\000c\000i\000a\000\040\000d\000e\000\040\000l\000a\000\040\000C\000l\000a\000s\000e\000\040\000I\000n\000d\000i\000c\000e\000I\000n\000v\000e\000r\000t\000i\000d\000o}{chapter.3}
\BOOKMARK [1][-]{section.3.21}{\376\377\000R\000e\000f\000e\000r\000e\000n\000c\000i\000a\000\040\000d\000e\000\040\000l\000a\000\040\000C\000l\000a\000s\000e\000\040\000I\000n\000d\000i\000c\000e\000I\000n\000v\000e\000r\000t\000i\000d\000o\000P\000o\000r\000A\000u\000t\000o\000r}{chapter.3}
\BOOKMARK [2][-]{subsection.3.21.1}{\376\377\000D\000o\000c\000u\000m\000e\000n\000t\000a\000c\000i\000\363\000n\000\040\000d\000e\000l\000\040\000c\000o\000n\000s\000t\000r\000u\000c\000t\000o\000r\000\040\000y\000\040\000d\000e\000s\000t\000r\000u\000c\000t\000o\000r}{section.3.21}
\BOOKMARK [3][-]{subsubsection.3.21.1.1}{\376\377\000I\000n\000d\000i\000c\000e\000I\000n\000v\000e\000r\000t\000i\000d\000o\000P\000o\000r\000A\000u\000t\000o\000r}{subsection.3.21.1}
\BOOKMARK [1][-]{section.3.22}{\376\377\000R\000e\000f\000e\000r\000e\000n\000c\000i\000a\000\040\000d\000e\000\040\000l\000a\000\040\000C\000l\000a\000s\000e\000\040\000I\000n\000d\000i\000c\000e\000I\000n\000v\000e\000r\000t\000i\000d\000o\000P\000o\000r\000T\000i\000t\000u\000l\000o}{chapter.3}
\BOOKMARK [1][-]{section.3.23}{\376\377\000R\000e\000f\000e\000r\000e\000n\000c\000i\000a\000\040\000d\000e\000\040\000l\000a\000\040\000C\000l\000a\000s\000e\000\040\000I\000t\000e\000r\000A\000r\000b\000o\000l\000B\000M\000a\000s}{chapter.3}
\BOOKMARK [1][-]{section.3.24}{\376\377\000R\000e\000f\000e\000r\000e\000n\000c\000i\000a\000\040\000d\000e\000\040\000l\000a\000\040\000C\000l\000a\000s\000e\000\040\000I\000t\000e\000r\000N\000o\000d\000o\000S\000e\000c\000u\000e\000n\000c\000i\000a\000l}{chapter.3}
\BOOKMARK [1][-]{section.3.25}{\376\377\000R\000e\000f\000e\000r\000e\000n\000c\000i\000a\000\040\000d\000e\000\040\000l\000a\000\040\000p\000l\000a\000n\000t\000i\000l\000l\000a\000\040\000d\000e\000\040\000l\000a\000\040\000C\000l\000a\000s\000e\000\040\000M\000a\000n\000e\000j\000a\000d\000o\000r\000A\000r\000c\000h\000i\000v\000o\000D\000a\000t\000o\000s\000B\000a\000s\000i\000c\000o\000s\000<\000\040\000T\000i\000p\000o\000D\000a\000t\000o\000\040\000>}{chapter.3}
\BOOKMARK [1][-]{section.3.26}{\376\377\000R\000e\000f\000e\000r\000e\000n\000c\000i\000a\000\040\000d\000e\000\040\000l\000a\000\040\000C\000l\000a\000s\000e\000\040\000M\000a\000n\000e\000j\000a\000d\000o\000r\000A\000r\000c\000h\000i\000v\000o\000s}{chapter.3}
\BOOKMARK [1][-]{section.3.27}{\376\377\000R\000e\000f\000e\000r\000e\000n\000c\000i\000a\000\040\000d\000e\000\040\000l\000a\000\040\000C\000l\000a\000s\000e\000\040\000M\000a\000n\000e\000j\000a\000d\000o\000r\000A\000r\000c\000h\000i\000v\000o\000s\000T\000e\000x\000t\000o}{chapter.3}
\BOOKMARK [1][-]{section.3.28}{\376\377\000R\000e\000f\000e\000r\000e\000n\000c\000i\000a\000\040\000d\000e\000\040\000l\000a\000\040\000C\000l\000a\000s\000e\000\040\000M\000a\000n\000e\000j\000a\000d\000o\000r\000B\000l\000o\000q\000u\000e\000s}{chapter.3}
\BOOKMARK [1][-]{section.3.29}{\376\377\000R\000e\000f\000e\000r\000e\000n\000c\000i\000a\000\040\000d\000e\000\040\000l\000a\000\040\000C\000l\000a\000s\000e\000\040\000M\000a\000n\000e\000j\000a\000d\000o\000r\000R\000e\000g\000i\000s\000t\000r\000o\000s\000V\000a\000r\000i\000a\000b\000l\000e\000s}{chapter.3}
\BOOKMARK [1][-]{section.3.30}{\376\377\000R\000e\000f\000e\000r\000e\000n\000c\000i\000a\000\040\000d\000e\000\040\000l\000a\000\040\000E\000s\000t\000r\000u\000c\000t\000u\000r\000a\000\040\000m\000b\000\137\000h\000e\000a\000d\000e\000r}{chapter.3}
\BOOKMARK [1][-]{section.3.31}{\376\377\000R\000e\000f\000e\000r\000e\000n\000c\000i\000a\000\040\000d\000e\000\040\000l\000a\000\040\000E\000s\000t\000r\000u\000c\000t\000u\000r\000a\000\040\000m\000d\000b\000\137\000h\000e\000a\000d\000e\000r}{chapter.3}
\BOOKMARK [1][-]{section.3.32}{\376\377\000R\000e\000f\000e\000r\000e\000n\000c\000i\000a\000\040\000d\000e\000\040\000l\000a\000\040\000C\000l\000a\000s\000e\000\040\000N\000o\000d\000o\000A\000r\000b\000o\000l}{chapter.3}
\BOOKMARK [1][-]{section.3.33}{\376\377\000R\000e\000f\000e\000r\000e\000n\000c\000i\000a\000\040\000d\000e\000\040\000l\000a\000\040\000C\000l\000a\000s\000e\000\040\000N\000o\000d\000o\000I\000n\000t\000e\000r\000n\000o}{chapter.3}
\BOOKMARK [1][-]{section.3.34}{\376\377\000R\000e\000f\000e\000r\000e\000n\000c\000i\000a\000\040\000d\000e\000\040\000l\000a\000\040\000C\000l\000a\000s\000e\000\040\000N\000o\000d\000o\000S\000e\000c\000u\000e\000n\000c\000i\000a\000l}{chapter.3}
\BOOKMARK [1][-]{section.3.35}{\376\377\000R\000e\000f\000e\000r\000e\000n\000c\000i\000a\000\040\000d\000e\000\040\000l\000a\000\040\000C\000l\000a\000s\000e\000\040\000N\000o\000r\000m\000a\000l\000i\000z\000a\000d\000o\000r}{chapter.3}
\BOOKMARK [1][-]{section.3.36}{\376\377\000R\000e\000f\000e\000r\000e\000n\000c\000i\000a\000\040\000d\000e\000\040\000l\000a\000\040\000C\000l\000a\000s\000e\000\040\000P\000a\000r\000s\000e\000r\000C\000a\000n\000c\000i\000o\000n\000e\000s}{chapter.3}
\BOOKMARK [1][-]{section.3.37}{\376\377\000R\000e\000f\000e\000r\000e\000n\000c\000i\000a\000\040\000d\000e\000\040\000l\000a\000\040\000C\000l\000a\000s\000e\000\040\000R\000e\000g\000i\000s\000t\000r\000o\000C\000a\000n\000c\000i\000o\000n}{chapter.3}
\BOOKMARK [1][-]{section.3.38}{\376\377\000R\000e\000f\000e\000r\000e\000n\000c\000i\000a\000\040\000d\000e\000\040\000l\000a\000\040\000C\000l\000a\000s\000e\000\040\000R\000e\000g\000i\000s\000t\000r\000o\000C\000l\000a\000v\000e}{chapter.3}
\BOOKMARK [1][-]{section.3.39}{\376\377\000R\000e\000f\000e\000r\000e\000n\000c\000i\000a\000\040\000d\000e\000\040\000l\000a\000\040\000C\000l\000a\000s\000e\000\040\000R\000e\000g\000i\000s\000t\000r\000o\000F\000i\000j\000o}{chapter.3}
\BOOKMARK [1][-]{section.3.40}{\376\377\000R\000e\000f\000e\000r\000e\000n\000c\000i\000a\000\040\000d\000e\000\040\000l\000a\000\040\000C\000l\000a\000s\000e\000\040\000R\000e\000g\000i\000s\000t\000r\000o\000V\000a\000r\000i\000a\000b\000l\000e}{chapter.3}
\BOOKMARK [1][-]{section.3.41}{\376\377\000R\000e\000f\000e\000r\000e\000n\000c\000i\000a\000\040\000d\000e\000\040\000l\000a\000\040\000C\000l\000a\000s\000e\000\040\000S\000o\000r\000t\000E\000x\000t\000e\000r\000n\000o}{chapter.3}
\BOOKMARK [1][-]{section.3.42}{\376\377\000R\000e\000f\000e\000r\000e\000n\000c\000i\000a\000\040\000d\000e\000\040\000l\000a\000\040\000C\000l\000a\000s\000e\000\040\000T\000a\000b\000l\000a}{chapter.3}
\BOOKMARK [1][-]{section.3.43}{\376\377\000R\000e\000f\000e\000r\000e\000n\000c\000i\000a\000\040\000d\000e\000\040\000l\000a\000\040\000C\000l\000a\000s\000e\000\040\000T\000e\000x\000t\000o}{chapter.3}
